Activating HCP_env
Running python prediction_nestedCV_val.py HCP2016FreeSurferSubcortical_abcd_baselineYear1Arm1_thickness_fsLR32k_3447.jay abcd_cbcl_grp1_3434_model_fits.csv IN_ACH2F ridgeCV_zscore HCP2016FreeSurferSubcortical_abcd_baselineYear1Arm1_thickness_fsLR32k_3528.jay abcd_cbcl_grp2_3517_model_fits.csv in virtual environment

Using IN_ACH2F
Behaviour data shape: (3434, 64)

Using HCP2016FreeSurferSubcortical_abcd_baselineYear1Arm1_thickness_fsLR32k_3447.jay
FC data shape: (3447, 361)

Sorting and filtering...
NEW Behaviour data shape: (3429, 64)
NEW FC data shape: (3429, 361)

FCs after removing subjects:
         0        1        2        3  ...      356      357      358      359
0  1.83665  2.69991  2.48720  2.48998  ...  3.33800  3.20135  3.38435  3.54381
1  1.76390  2.68182  1.97930  2.02213  ...  3.31939  3.03566  3.08214  3.42475
2  1.88992  2.74930  2.62384  2.22304  ...  3.12270  3.11324  3.29700  4.03054
3  2.17034  3.08844  2.42975  2.50090  ...  3.54981  3.00721  3.44843  3.46126
4  1.91202  2.44622  2.44526  2.26666  ...  3.23779  3.01731  3.68842  3.15706

[5 rows x 360 columns]

Zscoring FCs...
zscored

Not removing confounds!
Running prediction with Pipeline(steps=[('standardscaler', StandardScaler()),
                ('ridgecv',
                 RidgeCV(alphas=array([1.e+00, 1.e+01, 1.e+02, 1.e+03, 1.e+04, 1.e+05]),
                         scoring='neg_root_mean_squared_error',
                         store_cv_values=True))])


Running manual two fold CV with discover and replication ABCD datasets


Using: IN_ACH2F
Behaviour data shape: (3517, 64)

Using HCP2016FreeSurferSubcortical_abcd_baselineYear1Arm1_thickness_fsLR32k_3528.jay
FC data shape: (3528, 361)

Sorting and filtering...
NEW Behaviour data shape: (3515, 64)
NEW FC data shape: (3515, 361)

FCs after removing subjects:
         0        1        2        3  ...      356      357      358      359
0  1.82906  2.96090  2.71549  2.08941  ...  3.45016  2.84367  3.07288  4.05132
1  1.78731  2.76417  2.17786  2.13379  ...  3.84413  3.31399  3.08893  3.42327
2  1.99005  2.78017  2.56295  2.29980  ...  3.84310  2.85597  3.47242  3.70610
3  1.96668  2.77449  2.36190  2.17311  ...  3.56821  3.21557  3.42781  3.34600
4  1.80502  2.48459  2.15887  2.04443  ...  3.46866  2.38696  3.30100  3.23009

[5 rows x 360 columns]

Zscoring FCs...
zscored

Training on full HCP2016FreeSurferSubcortical_abcd_baselineYear1Arm1_thickness_fsLR32k_3447.jay dataset...

Predicting on external validation HCP2016FreeSurferSubcortical_abcd_baselineYear1Arm1_thickness_fsLR32k_3528.jay dataset...

Training on full HCP2016FreeSurferSubcortical_abcd_baselineYear1Arm1_thickness_fsLR32k_3528.jay dataset...

Predicting on external validation HCP2016FreeSurferSubcortical_abcd_baselineYear1Arm1_thickness_fsLR32k_3447.jay dataset...
Average accuracy on two fold:
r       0.000030
R2     -0.000583
MAE     0.539104
RMSE    0.672504
dtype: float64
saving averaged accuracy: /data/project/impulsivity/pfactors/res/disc_rep/manual_two_fold_CV/pipe_ridgeCV_zscore_averaged-beh_IN_ACH2F-rseed_123456-res.csv
